2026-06-15 17:35:03 [main] INFO  c.n.b.BookingServiceApplication:53 - Starting BookingServiceApplication using Java 17.0.19 with PID 32052 (C:\NexaRide\booking-service\target\classes started by anirudhm in C:\NexaRide)
2026-06-15 17:35:03 [main] DEBUG c.n.b.BookingServiceApplication:54 - Running with Spring Boot v3.5.14, Spring v6.2.18
2026-06-15 17:35:03 [main] INFO  c.n.b.BookingServiceApplication:652 - No active profile set, falling back to 1 default profile: "default"
2026-06-15 17:35:05 [main] INFO  o.s.d.r.c.RepositoryConfigurationDelegate:145 - Bootstrapping Spring Data JPA repositories in DEFAULT mode.
2026-06-15 17:35:06 [main] INFO  o.s.d.r.c.RepositoryConfigurationDelegate:213 - Finished Spring Data repository scanning in 102 ms. Found 1 JPA repository interface.
2026-06-15 17:35:06 [main] INFO  o.s.cloud.context.scope.GenericScope:280 - BeanFactory id=de3ecbdc-cd07-3151-8f3c-b7c95ddeb665
2026-06-15 17:35:07 [main] INFO  o.s.b.w.e.tomcat.TomcatWebServer:111 - Tomcat initialized with port 8083 (http)
2026-06-15 17:35:07 [main] INFO  o.a.catalina.core.StandardService:168 - Starting service [Tomcat]
2026-06-15 17:35:07 [main] INFO  o.a.catalina.core.StandardEngine:168 - Starting Servlet engine: [Apache Tomcat/10.1.54]
2026-06-15 17:35:07 [main] INFO  o.a.c.c.C.[Tomcat].[localhost].[/]:168 - Initializing Spring embedded WebApplicationContext
2026-06-15 17:35:07 [main] INFO  o.s.b.w.s.c.ServletWebServerApplicationContext:301 - Root WebApplicationContext: initialization completed in 3467 ms
2026-06-15 17:35:07 [main] DEBUG c.n.b.s.JwtAuthenticationFilter:240 - Filter 'jwtAuthenticationFilter' configured for use
2026-06-15 17:35:07 [main] INFO  o.h.jpa.internal.util.LogHelper:31 - HHH000204: Processing PersistenceUnitInfo [name: default]
2026-06-15 17:35:08 [main] INFO  org.hibernate.Version:44 - HHH000412: Hibernate ORM core version 6.6.49.Final
2026-06-15 17:35:08 [main] INFO  o.h.c.i.RegionFactoryInitiator:50 - HHH000026: Second-level cache disabled
2026-06-15 17:35:08 [main] INFO  o.s.o.j.p.SpringPersistenceUnitInfo:87 - No LoadTimeWeaver setup: ignoring JPA class transformer
2026-06-15 17:35:08 [main] INFO  com.zaxxer.hikari.HikariDataSource:109 - HikariPool-1 - Starting...
2026-06-15 17:35:09 [main] INFO  com.zaxxer.hikari.pool.HikariPool:580 - HikariPool-1 - Added connection com.mysql.cj.jdbc.ConnectionImpl@1a67f8b4
2026-06-15 17:35:09 [main] INFO  com.zaxxer.hikari.HikariDataSource:122 - HikariPool-1 - Start completed.
2026-06-15 17:35:09 [main] INFO  o.hibernate.orm.connections.pooling:163 - HHH10001005: Database info:
	Database JDBC URL [Connecting through datasource 'HikariDataSource (HikariPool-1)']
	Database driver: undefined/unknown
	Database version: 8.0.35
	Autocommit mode: undefined/unknown
	Isolation level: undefined/unknown
	Minimum pool size: undefined/unknown
	Maximum pool size: undefined/unknown
2026-06-15 17:35:10 [main] INFO  o.h.e.t.j.p.i.JtaPlatformInitiator:59 - HHH000489: No JTA platform available (set 'hibernate.transaction.jta.platform' to enable JTA platform integration)
2026-06-15 17:35:10 [main] INFO  o.s.o.j.LocalContainerEntityManagerFactoryBean:447 - Initialized JPA EntityManagerFactory for persistence unit 'default'
2026-06-15 17:35:11 [main] WARN  o.s.b.a.o.j.JpaBaseConfiguration$JpaWebConfiguration:258 - spring.jpa.open-in-view is enabled by default. Therefore, database queries may be performed during view rendering. Explicitly configure spring.jpa.open-in-view to disable this warning
2026-06-15 17:35:11 [main] WARN  o.s.b.a.s.s.UserDetailsServiceAutoConfiguration:90 - 

Using generated security password: 637ff0d7-405f-4c7d-bdd0-212702d0c604

This generated password is for development use only. Your security configuration must be updated before running your application in production.

2026-06-15 17:35:11 [main] INFO  o.s.s.c.a.a.c.InitializeUserDetailsBeanManagerConfigurer$InitializeUserDetailsManagerConfigurer:110 - Global AuthenticationManager configured with UserDetailsService bean with name inMemoryUserDetailsManager
2026-06-15 17:35:12 [main] INFO  o.s.b.w.e.tomcat.TomcatWebServer:243 - Tomcat started on port 8083 (http) with context path '/'
2026-06-15 17:35:13 [main] INFO  c.n.b.BookingServiceApplication:59 - Started BookingServiceApplication in 10.377 seconds (process running for 11.734)
2026-06-15 17:40:39 [http-nio-8083-exec-1] INFO  o.a.c.c.C.[Tomcat].[localhost].[/]:168 - Initializing Spring DispatcherServlet 'dispatcherServlet'
2026-06-15 17:40:39 [http-nio-8083-exec-1] INFO  o.s.web.servlet.DispatcherServlet:532 - Initializing Servlet 'dispatcherServlet'
2026-06-15 17:40:39 [http-nio-8083-exec-1] INFO  o.s.web.servlet.DispatcherServlet:554 - Completed initialization in 3 ms
2026-06-15 17:40:39 [http-nio-8083-exec-1] INFO  c.n.b.s.JwtAuthenticationFilter:49 - Extracted email: testing@gmail.com
2026-06-15 17:40:39 [http-nio-8083-exec-1] INFO  c.n.b.service.RideServiceImpl:36 - inside createRide method
2026-06-15 17:40:39 [http-nio-8083-exec-1] INFO  c.n.b.service.RideServiceImpl:41 - after setting userEmail: testing@gmail.com
2026-06-15 17:40:40 [http-nio-8083-exec-1] INFO  c.n.b.service.RideServiceImpl:46 - Source: [28.6138954, 77.2090057]
2026-06-15 17:40:40 [http-nio-8083-exec-1] INFO  c.n.b.service.RideServiceImpl:47 - Destination: [17.360589, 78.4740613]
2026-06-15 17:40:40 [http-nio-8083-exec-1] INFO  c.n.b.service.RideServiceImpl:52 - After Setting Source latitude: 28.6138954
2026-06-15 17:40:40 [http-nio-8083-exec-1] INFO  c.n.b.service.RideServiceImpl:53 - After Setting Source longitude: 77.2090057
2026-06-15 17:40:40 [http-nio-8083-exec-1] INFO  c.n.b.service.RideServiceImpl:57 - After Setting Destination latitude: 17.360589
2026-06-15 17:40:40 [http-nio-8083-exec-1] INFO  c.n.b.service.RideServiceImpl:58 - After Setting Destination Longitude: 78.4740613
2026-06-15 17:40:41 [http-nio-8083-exec-1] INFO  c.n.b.service.RideServiceImpl:65 - Feign call initiating to call otp service
2026-06-15 17:40:41 [http-nio-8083-exec-1] INFO  c.n.b.service.RideServiceImpl:69 - OTP generated: 285894
2026-06-15 17:42:34 [http-nio-8083-exec-8] INFO  c.n.b.s.JwtAuthenticationFilter:42 - token is invalid
2026-06-15 17:42:34 [http-nio-8083-exec-8] ERROR o.a.c.c.C.[.[.[.[dispatcherServlet]:170 - Servlet.service() for servlet [dispatcherServlet] in context with path [] threw exception
io.jsonwebtoken.ExpiredJwtException: JWT expired at 2026-06-15T04:43:36Z. Current time: 2026-06-15T12:12:34Z, a difference of 26938392 milliseconds.  Allowed clock skew: 0 milliseconds.
	at io.jsonwebtoken.impl.DefaultJwtParser.parse(DefaultJwtParser.java:427)
	at io.jsonwebtoken.impl.DefaultJwtParser.parse(DefaultJwtParser.java:529)
	at io.jsonwebtoken.impl.DefaultJwtParser.parseClaimsJws(DefaultJwtParser.java:589)
	at io.jsonwebtoken.impl.ImmutableJwtParser.parseClaimsJws(ImmutableJwtParser.java:173)
	at com.nexaride.booking_service.security.JwtUtil.extractAllClaims(JwtUtil.java:26)
	at com.nexaride.booking_service.security.JwtUtil.extractEmail(JwtUtil.java:32)
	at com.nexaride.booking_service.security.JwtAuthenticationFilter.doFilterInternal(JwtAuthenticationFilter.java:48)
	at org.springframework.web.filter.OncePerRequestFilter.doFilter(OncePerRequestFilter.java:116)
	at org.springframework.security.web.FilterChainProxy$VirtualFilterChain.doFilter(FilterChainProxy.java:379)
	at org.springframework.security.web.authentication.logout.LogoutFilter.doFilter(LogoutFilter.java:107)
	at org.springframework.security.web.authentication.logout.LogoutFilter.doFilter(LogoutFilter.java:93)
	at org.springframework.security.web.FilterChainProxy$VirtualFilterChain.doFilter(FilterChainProxy.java:379)
	at org.springframework.security.web.header.HeaderWriterFilter.doHeadersAfter(HeaderWriterFilter.java:90)
	at org.springframework.security.web.header.HeaderWriterFilter.doFilterInternal(HeaderWriterFilter.java:75)
	at org.springframework.web.filter.OncePerRequestFilter.doFilter(OncePerRequestFilter.java:116)
	at org.springframework.security.web.FilterChainProxy$VirtualFilterChain.doFilter(FilterChainProxy.java:379)
	at org.springframework.security.web.context.SecurityContextHolderFilter.doFilter(SecurityContextHolderFilter.java:82)
	at org.springframework.security.web.context.SecurityContextHolderFilter.doFilter(SecurityContextHolderFilter.java:69)
	at org.springframework.security.web.FilterChainProxy$VirtualFilterChain.doFilter(FilterChainProxy.java:379)
	at org.springframework.security.web.context.request.async.WebAsyncManagerIntegrationFilter.doFilterInternal(WebAsyncManagerIntegrationFilter.java:62)
	at org.springframework.web.filter.OncePerRequestFilter.doFilter(OncePerRequestFilter.java:116)
	at org.springframework.security.web.FilterChainProxy$VirtualFilterChain.doFilter(FilterChainProxy.java:379)
	at org.springframework.security.web.session.DisableEncodeUrlFilter.doFilterInternal(DisableEncodeUrlFilter.java:42)
	at org.springframework.web.filter.OncePerRequestFilter.doFilter(OncePerRequestFilter.java:116)
	at org.springframework.security.web.FilterChainProxy$VirtualFilterChain.doFilter(FilterChainProxy.java:379)
	at org.springframework.security.web.FilterChainProxy.doFilterInternal(FilterChainProxy.java:233)
	at org.springframework.security.web.FilterChainProxy.doFilter(FilterChainProxy.java:191)
	at org.springframework.web.filter.CompositeFilter$VirtualFilterChain.doFilter(CompositeFilter.java:113)
	at org.springframework.web.filter.ServletRequestPathFilter.doFilter(ServletRequestPathFilter.java:52)
	at org.springframework.web.filter.CompositeFilter$VirtualFilterChain.doFilter(CompositeFilter.java:113)
	at org.springframework.web.filter.CompositeFilter.doFilter(CompositeFilter.java:74)
	at org.springframework.security.config.annotation.web.configuration.WebSecurityConfiguration$CompositeFilterChainProxy.doFilter(WebSecurityConfiguration.java:319)
	at org.springframework.web.filter.CompositeFilter$VirtualFilterChain.doFilter(CompositeFilter.java:113)
	at org.springframework.web.servlet.handler.HandlerMappingIntrospector.lambda$createCacheFilter$4(HandlerMappingIntrospector.java:267)
	at org.springframework.web.filter.CompositeFilter$VirtualFilterChain.doFilter(CompositeFilter.java:113)
	at org.springframework.web.filter.CompositeFilter.doFilter(CompositeFilter.java:74)
	at org.springframework.security.config.annotation.web.configuration.WebMvcSecurityConfiguration$CompositeFilterChainProxy.doFilter(WebMvcSecurityConfiguration.java:240)
	at org.springframework.web.filter.DelegatingFilterProxy.invokeDelegate(DelegatingFilterProxy.java:362)
	at org.springframework.web.filter.DelegatingFilterProxy.doFilter(DelegatingFilterProxy.java:278)
	at org.apache.catalina.core.ApplicationFilterChain.internalDoFilter(ApplicationFilterChain.java:162)
	at org.apache.catalina.core.ApplicationFilterChain.doFilter(ApplicationFilterChain.java:138)
	at org.springframework.web.filter.RequestContextFilter.doFilterInternal(RequestContextFilter.java:100)
	at org.springframework.web.filter.OncePerRequestFilter.doFilter(OncePerRequestFilter.java:116)
	at org.apache.catalina.core.ApplicationFilterChain.internalDoFilter(ApplicationFilterChain.java:162)
	at org.apache.catalina.core.ApplicationFilterChain.doFilter(ApplicationFilterChain.java:138)
	at org.springframework.web.filter.FormContentFilter.doFilterInternal(FormContentFilter.java:93)
	at org.springframework.web.filter.OncePerRequestFilter.doFilter(OncePerRequestFilter.java:116)
	at org.apache.catalina.core.ApplicationFilterChain.internalDoFilter(ApplicationFilterChain.java:162)
	at org.apache.catalina.core.ApplicationFilterChain.doFilter(ApplicationFilterChain.java:138)
	at org.springframework.web.filter.CharacterEncodingFilter.doFilterInternal(CharacterEncodingFilter.java:201)
	at org.springframework.web.filter.OncePerRequestFilter.doFilter(OncePerRequestFilter.java:116)
	at org.apache.catalina.core.ApplicationFilterChain.internalDoFilter(ApplicationFilterChain.java:162)
	at org.apache.catalina.core.ApplicationFilterChain.doFilter(ApplicationFilterChain.java:138)
	at org.apache.catalina.core.StandardWrapperValve.invoke(StandardWrapperValve.java:165)
	at org.apache.catalina.core.StandardContextValve.invoke(StandardContextValve.java:88)
	at org.apache.catalina.authenticator.AuthenticatorBase.invoke(AuthenticatorBase.java:492)
	at org.apache.catalina.core.StandardHostValve.invoke(StandardHostValve.java:113)
	at org.apache.catalina.valves.ErrorReportValve.invoke(ErrorReportValve.java:83)
	at org.apache.catalina.core.StandardEngineValve.invoke(StandardEngineValve.java:72)
	at org.apache.catalina.connector.CoyoteAdapter.service(CoyoteAdapter.java:342)
	at org.apache.coyote.http11.Http11Processor.service(Http11Processor.java:399)
	at org.apache.coyote.AbstractProcessorLight.process(AbstractProcessorLight.java:63)
	at org.apache.coyote.AbstractProtocol$ConnectionHandler.process(AbstractProtocol.java:903)
	at org.apache.tomcat.util.net.NioEndpoint$SocketProcessor.doRun(NioEndpoint.java:1797)
	at org.apache.tomcat.util.net.SocketProcessorBase.run(SocketProcessorBase.java:52)
	at org.apache.tomcat.util.threads.ThreadPoolExecutor.runWorker(ThreadPoolExecutor.java:973)
	at org.apache.tomcat.util.threads.ThreadPoolExecutor$Worker.run(ThreadPoolExecutor.java:491)
	at org.apache.tomcat.util.threads.TaskThread$WrappingRunnable.run(TaskThread.java:63)
	at java.base/java.lang.Thread.run(Thread.java:840)
2026-06-15 17:42:47 [http-nio-8083-exec-9] INFO  c.n.b.s.JwtAuthenticationFilter:49 - Extracted email: testing@gmail.com
2026-06-15 17:42:47 [http-nio-8083-exec-9] INFO  c.n.b.service.RideServiceImpl:78 - inside startRide method
2026-06-15 17:42:47 [http-nio-8083-exec-9] INFO  c.n.b.service.RideServiceImpl:82 - UserEmail: testing@gmail.com
2026-06-15 17:42:47 [http-nio-8083-exec-9] INFO  c.n.b.service.RideServiceImpl:87 - Feign call for otpValidation from Otp Service
2026-06-15 17:43:47 [http-nio-8083-exec-2] INFO  c.n.b.s.JwtAuthenticationFilter:49 - Extracted email: testing@gmail.com
2026-06-15 17:43:47 [http-nio-8083-exec-2] INFO  c.n.b.service.RideServiceImpl:111 - Ride completed successfully for rideId: 10
2026-06-15 18:17:59 [SpringApplicationShutdownHook] INFO  o.s.b.w.e.tomcat.GracefulShutdown:54 - Commencing graceful shutdown. Waiting for active requests to complete
2026-06-15 18:18:00 [tomcat-shutdown] INFO  o.s.b.w.e.tomcat.GracefulShutdown:76 - Graceful shutdown complete
2026-06-15 18:18:00 [SpringApplicationShutdownHook] INFO  o.s.o.j.LocalContainerEntityManagerFactoryBean:660 - Closing JPA EntityManagerFactory for persistence unit 'default'
2026-06-15 18:18:00 [SpringApplicationShutdownHook] INFO  com.zaxxer.hikari.HikariDataSource:349 - HikariPool-1 - Shutdown initiated...
2026-06-15 18:18:00 [SpringApplicationShutdownHook] INFO  com.zaxxer.hikari.HikariDataSource:351 - HikariPool-1 - Shutdown completed.
2026-06-15 22:51:25 [main] INFO  c.n.b.BookingServiceApplication:53 - Starting BookingServiceApplication using Java 17.0.19 with PID 8796 (C:\NexaRide\booking-service\target\classes started by anirudhm in C:\NexaRide)
2026-06-15 22:51:25 [main] DEBUG c.n.b.BookingServiceApplication:54 - Running with Spring Boot v3.5.14, Spring v6.2.18
2026-06-15 22:51:25 [main] INFO  c.n.b.BookingServiceApplication:652 - No active profile set, falling back to 1 default profile: "default"
2026-06-15 22:51:27 [main] INFO  o.s.d.r.c.RepositoryConfigurationDelegate:145 - Bootstrapping Spring Data JPA repositories in DEFAULT mode.
2026-06-15 22:51:27 [main] INFO  o.s.d.r.c.RepositoryConfigurationDelegate:213 - Finished Spring Data repository scanning in 110 ms. Found 1 JPA repository interface.
2026-06-15 22:51:28 [main] INFO  o.s.cloud.context.scope.GenericScope:280 - BeanFactory id=de3ecbdc-cd07-3151-8f3c-b7c95ddeb665
2026-06-15 22:51:28 [main] INFO  o.s.b.w.e.tomcat.TomcatWebServer:111 - Tomcat initialized with port 8083 (http)
2026-06-15 22:51:29 [main] INFO  o.a.catalina.core.StandardService:168 - Starting service [Tomcat]
2026-06-15 22:51:29 [main] INFO  o.a.catalina.core.StandardEngine:168 - Starting Servlet engine: [Apache Tomcat/10.1.54]
2026-06-15 22:51:29 [main] INFO  o.a.c.c.C.[Tomcat].[localhost].[/]:168 - Initializing Spring embedded WebApplicationContext
2026-06-15 22:51:29 [main] INFO  o.s.b.w.s.c.ServletWebServerApplicationContext:301 - Root WebApplicationContext: initialization completed in 3985 ms
2026-06-15 22:51:29 [main] DEBUG c.n.b.s.JwtAuthenticationFilter:240 - Filter 'jwtAuthenticationFilter' configured for use
2026-06-15 22:51:29 [main] INFO  o.h.jpa.internal.util.LogHelper:31 - HHH000204: Processing PersistenceUnitInfo [name: default]
2026-06-15 22:51:29 [main] INFO  org.hibernate.Version:44 - HHH000412: Hibernate ORM core version 6.6.49.Final
2026-06-15 22:51:29 [main] INFO  o.h.c.i.RegionFactoryInitiator:50 - HHH000026: Second-level cache disabled
2026-06-15 22:51:30 [main] INFO  o.s.o.j.p.SpringPersistenceUnitInfo:87 - No LoadTimeWeaver setup: ignoring JPA class transformer
2026-06-15 22:51:30 [main] INFO  com.zaxxer.hikari.HikariDataSource:109 - HikariPool-1 - Starting...
2026-06-15 22:51:30 [main] INFO  com.zaxxer.hikari.pool.HikariPool:580 - HikariPool-1 - Added connection com.mysql.cj.jdbc.ConnectionImpl@18e8eb59
2026-06-15 22:51:30 [main] INFO  com.zaxxer.hikari.HikariDataSource:122 - HikariPool-1 - Start completed.
2026-06-15 22:51:31 [main] INFO  o.hibernate.orm.connections.pooling:163 - HHH10001005: Database info:
	Database JDBC URL [Connecting through datasource 'HikariDataSource (HikariPool-1)']
	Database driver: undefined/unknown
	Database version: 8.0.35
	Autocommit mode: undefined/unknown
	Isolation level: undefined/unknown
	Minimum pool size: undefined/unknown
	Maximum pool size: undefined/unknown
2026-06-15 22:51:32 [main] INFO  o.h.e.t.j.p.i.JtaPlatformInitiator:59 - HHH000489: No JTA platform available (set 'hibernate.transaction.jta.platform' to enable JTA platform integration)
2026-06-15 22:51:32 [main] INFO  o.s.o.j.LocalContainerEntityManagerFactoryBean:447 - Initialized JPA EntityManagerFactory for persistence unit 'default'
2026-06-15 22:51:33 [main] WARN  o.s.b.a.o.j.JpaBaseConfiguration$JpaWebConfiguration:258 - spring.jpa.open-in-view is enabled by default. Therefore, database queries may be performed during view rendering. Explicitly configure spring.jpa.open-in-view to disable this warning
2026-06-15 22:51:33 [main] WARN  o.s.b.a.s.s.UserDetailsServiceAutoConfiguration:90 - 

Using generated security password: f42a1d73-8ad4-4cfc-9c86-a9cf232bb461

This generated password is for development use only. Your security configuration must be updated before running your application in production.

2026-06-15 22:51:33 [main] INFO  o.s.s.c.a.a.c.InitializeUserDetailsBeanManagerConfigurer$InitializeUserDetailsManagerConfigurer:110 - Global AuthenticationManager configured with UserDetailsService bean with name inMemoryUserDetailsManager
2026-06-15 22:51:34 [main] INFO  o.s.b.w.e.tomcat.TomcatWebServer:243 - Tomcat started on port 8083 (http) with context path '/'
2026-06-15 22:51:35 [main] INFO  c.n.b.BookingServiceApplication:59 - Started BookingServiceApplication in 11.799 seconds (process running for 15.556)
2026-06-15 22:53:54 [http-nio-8083-exec-3] INFO  o.a.c.c.C.[Tomcat].[localhost].[/]:168 - Initializing Spring DispatcherServlet 'dispatcherServlet'
2026-06-15 22:53:54 [http-nio-8083-exec-3] INFO  o.s.web.servlet.DispatcherServlet:532 - Initializing Servlet 'dispatcherServlet'
2026-06-15 22:53:54 [http-nio-8083-exec-3] INFO  o.s.web.servlet.DispatcherServlet:554 - Completed initialization in 2 ms
2026-06-15 22:53:54 [http-nio-8083-exec-3] INFO  c.n.b.s.JwtAuthenticationFilter:49 - Extracted email: john@gmail.com
2026-06-15 22:53:55 [http-nio-8083-exec-3] INFO  c.n.b.service.RideServiceImpl:36 - inside createRide method
2026-06-15 22:53:55 [http-nio-8083-exec-3] INFO  c.n.b.service.RideServiceImpl:41 - after setting userEmail: john@gmail.com
2026-06-15 22:53:56 [http-nio-8083-exec-3] INFO  c.n.b.service.RideServiceImpl:46 - Source: [19.054999, 72.8692035]
2026-06-15 22:53:56 [http-nio-8083-exec-3] INFO  c.n.b.service.RideServiceImpl:47 - Destination: [25.6093239, 85.1235252]
2026-06-15 22:53:56 [http-nio-8083-exec-3] INFO  c.n.b.service.RideServiceImpl:52 - After Setting Source latitude: 19.054999
2026-06-15 22:53:56 [http-nio-8083-exec-3] INFO  c.n.b.service.RideServiceImpl:53 - After Setting Source longitude: 72.8692035
2026-06-15 22:53:56 [http-nio-8083-exec-3] INFO  c.n.b.service.RideServiceImpl:57 - After Setting Destination latitude: 25.6093239
2026-06-15 22:53:56 [http-nio-8083-exec-3] INFO  c.n.b.service.RideServiceImpl:58 - After Setting Destination Longitude: 85.1235252
2026-06-15 22:53:56 [http-nio-8083-exec-3] INFO  c.n.b.service.RideServiceImpl:65 - Feign call initiating to call otp service
2026-06-15 22:53:58 [http-nio-8083-exec-3] INFO  c.n.b.service.RideServiceImpl:69 - OTP generated: 127235
2026-06-15 22:54:27 [http-nio-8083-exec-2] INFO  c.n.b.s.JwtAuthenticationFilter:49 - Extracted email: john@gmail.com
2026-06-15 22:54:27 [http-nio-8083-exec-2] INFO  c.n.b.service.RideServiceImpl:78 - inside startRide method
2026-06-15 22:54:27 [http-nio-8083-exec-2] INFO  c.n.b.service.RideServiceImpl:82 - UserEmail: john@gmail.com
2026-06-15 22:54:27 [http-nio-8083-exec-2] INFO  c.n.b.service.RideServiceImpl:87 - Feign call for otpValidation from Otp Service
2026-06-15 22:54:47 [http-nio-8083-exec-7] INFO  c.n.b.s.JwtAuthenticationFilter:49 - Extracted email: john@gmail.com
2026-06-15 22:54:47 [http-nio-8083-exec-7] ERROR o.a.c.c.C.[.[.[.[dispatcherServlet]:170 - Servlet.service() for servlet [dispatcherServlet] in context with path [] threw exception [Request processing failed: java.lang.RuntimeException: Unauthorized user] with root cause
java.lang.RuntimeException: Unauthorized user
	at com.nexaride.booking_service.service.RideServiceImpl.completeRide(RideServiceImpl.java:106)
	at com.nexaride.booking_service.controller.RideController.completeRide(RideController.java:41)
	at java.base/jdk.internal.reflect.NativeMethodAccessorImpl.invoke0(Native Method)
	at java.base/jdk.internal.reflect.NativeMethodAccessorImpl.invoke(NativeMethodAccessorImpl.java:77)
	at java.base/jdk.internal.reflect.DelegatingMethodAccessorImpl.invoke(DelegatingMethodAccessorImpl.java:43)
	at java.base/java.lang.reflect.Method.invoke(Method.java:569)
	at org.springframework.web.method.support.InvocableHandlerMethod.doInvoke(InvocableHandlerMethod.java:258)
	at org.springframework.web.method.support.InvocableHandlerMethod.invokeForRequest(InvocableHandlerMethod.java:191)
	at org.springframework.web.servlet.mvc.method.annotation.ServletInvocableHandlerMethod.invokeAndHandle(ServletInvocableHandlerMethod.java:118)
	at org.springframework.web.servlet.mvc.method.annotation.RequestMappingHandlerAdapter.invokeHandlerMethod(RequestMappingHandlerAdapter.java:991)
	at org.springframework.web.servlet.mvc.method.annotation.RequestMappingHandlerAdapter.handleInternal(RequestMappingHandlerAdapter.java:896)
	at org.springframework.web.servlet.mvc.method.AbstractHandlerMethodAdapter.handle(AbstractHandlerMethodAdapter.java:87)
	at org.springframework.web.servlet.DispatcherServlet.doDispatch(DispatcherServlet.java:1089)
	at org.springframework.web.servlet.DispatcherServlet.doService(DispatcherServlet.java:979)
	at org.springframework.web.servlet.FrameworkServlet.processRequest(FrameworkServlet.java:1014)
	at org.springframework.web.servlet.FrameworkServlet.doPost(FrameworkServlet.java:914)
	at jakarta.servlet.http.HttpServlet.service(HttpServlet.java:590)
	at org.springframework.web.servlet.FrameworkServlet.service(FrameworkServlet.java:885)
	at jakarta.servlet.http.HttpServlet.service(HttpServlet.java:658)
	at org.apache.catalina.core.ApplicationFilterChain.internalDoFilter(ApplicationFilterChain.java:193)
	at org.apache.catalina.core.ApplicationFilterChain.doFilter(ApplicationFilterChain.java:138)
	at org.apache.tomcat.websocket.server.WsFilter.doFilter(WsFilter.java:51)
	at org.apache.catalina.core.ApplicationFilterChain.internalDoFilter(ApplicationFilterChain.java:162)
	at org.apache.catalina.core.ApplicationFilterChain.doFilter(ApplicationFilterChain.java:138)
	at org.springframework.web.filter.OncePerRequestFilter.doFilter(OncePerRequestFilter.java:110)
	at org.apache.catalina.core.ApplicationFilterChain.internalDoFilter(ApplicationFilterChain.java:162)
	at org.apache.catalina.core.ApplicationFilterChain.doFilter(ApplicationFilterChain.java:138)
	at org.springframework.web.filter.CompositeFilter$VirtualFilterChain.doFilter(CompositeFilter.java:108)
	at org.springframework.web.filter.CompositeFilter$VirtualFilterChain.doFilter(CompositeFilter.java:108)
	at org.springframework.security.web.FilterChainProxy.lambda$doFilterInternal$3(FilterChainProxy.java:231)
	at org.springframework.security.web.FilterChainProxy$VirtualFilterChain.doFilter(FilterChainProxy.java:370)
	at org.springframework.security.web.access.intercept.AuthorizationFilter.doFilter(AuthorizationFilter.java:101)
	at org.springframework.security.web.FilterChainProxy$VirtualFilterChain.doFilter(FilterChainProxy.java:379)
	at org.springframework.security.web.access.ExceptionTranslationFilter.doFilter(ExceptionTranslationFilter.java:125)
	at org.springframework.security.web.access.ExceptionTranslationFilter.doFilter(ExceptionTranslationFilter.java:119)
	at org.springframework.security.web.FilterChainProxy$VirtualFilterChain.doFilter(FilterChainProxy.java:379)
	at org.springframework.security.web.authentication.AnonymousAuthenticationFilter.doFilter(AnonymousAuthenticationFilter.java:100)
	at org.springframework.security.web.FilterChainProxy$VirtualFilterChain.doFilter(FilterChainProxy.java:379)
	at org.springframework.security.web.servletapi.SecurityContextHolderAwareRequestFilter.doFilter(SecurityContextHolderAwareRequestFilter.java:179)
	at org.springframework.security.web.FilterChainProxy$VirtualFilterChain.doFilter(FilterChainProxy.java:379)
	at org.springframework.security.web.savedrequest.RequestCacheAwareFilter.doFilter(RequestCacheAwareFilter.java:63)
	at org.springframework.security.web.FilterChainProxy$VirtualFilterChain.doFilter(FilterChainProxy.java:379)
	at com.nexaride.booking_service.security.JwtAuthenticationFilter.doFilterInternal(JwtAuthenticationFilter.java:66)
	at org.springframework.web.filter.OncePerRequestFilter.doFilter(OncePerRequestFilter.java:116)
	at org.springframework.security.web.FilterChainProxy$VirtualFilterChain.doFilter(FilterChainProxy.java:379)
	at org.springframework.security.web.authentication.logout.LogoutFilter.doFilter(LogoutFilter.java:107)
	at org.springframework.security.web.authentication.logout.LogoutFilter.doFilter(LogoutFilter.java:93)
	at org.springframework.security.web.FilterChainProxy$VirtualFilterChain.doFilter(FilterChainProxy.java:379)
	at org.springframework.security.web.header.HeaderWriterFilter.doHeadersAfter(HeaderWriterFilter.java:90)
	at org.springframework.security.web.header.HeaderWriterFilter.doFilterInternal(HeaderWriterFilter.java:75)
	at org.springframework.web.filter.OncePerRequestFilter.doFilter(OncePerRequestFilter.java:116)
	at org.springframework.security.web.FilterChainProxy$VirtualFilterChain.doFilter(FilterChainProxy.java:379)
	at org.springframework.security.web.context.SecurityContextHolderFilter.doFilter(SecurityContextHolderFilter.java:82)
	at org.springframework.security.web.context.SecurityContextHolderFilter.doFilter(SecurityContextHolderFilter.java:69)
	at org.springframework.security.web.FilterChainProxy$VirtualFilterChain.doFilter(FilterChainProxy.java:379)
	at org.springframework.security.web.context.request.async.WebAsyncManagerIntegrationFilter.doFilterInternal(WebAsyncManagerIntegrationFilter.java:62)
	at org.springframework.web.filter.OncePerRequestFilter.doFilter(OncePerRequestFilter.java:116)
	at org.springframework.security.web.FilterChainProxy$VirtualFilterChain.doFilter(FilterChainProxy.java:379)
	at org.springframework.security.web.session.DisableEncodeUrlFilter.doFilterInternal(DisableEncodeUrlFilter.java:42)
	at org.springframework.web.filter.OncePerRequestFilter.doFilter(OncePerRequestFilter.java:116)
	at org.springframework.security.web.FilterChainProxy$VirtualFilterChain.doFilter(FilterChainProxy.java:379)
	at org.springframework.security.web.FilterChainProxy.doFilterInternal(FilterChainProxy.java:233)
	at org.springframework.security.web.FilterChainProxy.doFilter(FilterChainProxy.java:191)
	at org.springframework.web.filter.CompositeFilter$VirtualFilterChain.doFilter(CompositeFilter.java:113)
	at org.springframework.web.filter.ServletRequestPathFilter.doFilter(ServletRequestPathFilter.java:52)
	at org.springframework.web.filter.CompositeFilter$VirtualFilterChain.doFilter(CompositeFilter.java:113)
	at org.springframework.web.filter.CompositeFilter.doFilter(CompositeFilter.java:74)
	at org.springframework.security.config.annotation.web.configuration.WebSecurityConfiguration$CompositeFilterChainProxy.doFilter(WebSecurityConfiguration.java:319)
	at org.springframework.web.filter.CompositeFilter$VirtualFilterChain.doFilter(CompositeFilter.java:113)
	at org.springframework.web.servlet.handler.HandlerMappingIntrospector.lambda$createCacheFilter$4(HandlerMappingIntrospector.java:267)
	at org.springframework.web.filter.CompositeFilter$VirtualFilterChain.doFilter(CompositeFilter.java:113)
	at org.springframework.web.filter.CompositeFilter.doFilter(CompositeFilter.java:74)
	at org.springframework.security.config.annotation.web.configuration.WebMvcSecurityConfiguration$CompositeFilterChainProxy.doFilter(WebMvcSecurityConfiguration.java:240)
	at org.springframework.web.filter.DelegatingFilterProxy.invokeDelegate(DelegatingFilterProxy.java:362)
	at org.springframework.web.filter.DelegatingFilterProxy.doFilter(DelegatingFilterProxy.java:278)
	at org.apache.catalina.core.ApplicationFilterChain.internalDoFilter(ApplicationFilterChain.java:162)
	at org.apache.catalina.core.ApplicationFilterChain.doFilter(ApplicationFilterChain.java:138)
	at org.springframework.web.filter.RequestContextFilter.doFilterInternal(RequestContextFilter.java:100)
	at org.springframework.web.filter.OncePerRequestFilter.doFilter(OncePerRequestFilter.java:116)
	at org.apache.catalina.core.ApplicationFilterChain.internalDoFilter(ApplicationFilterChain.java:162)
	at org.apache.catalina.core.ApplicationFilterChain.doFilter(ApplicationFilterChain.java:138)
	at org.springframework.web.filter.FormContentFilter.doFilterInternal(FormContentFilter.java:93)
	at org.springframework.web.filter.OncePerRequestFilter.doFilter(OncePerRequestFilter.java:116)
	at org.apache.catalina.core.ApplicationFilterChain.internalDoFilter(ApplicationFilterChain.java:162)
	at org.apache.catalina.core.ApplicationFilterChain.doFilter(ApplicationFilterChain.java:138)
	at org.springframework.web.filter.CharacterEncodingFilter.doFilterInternal(CharacterEncodingFilter.java:201)
	at org.springframework.web.filter.OncePerRequestFilter.doFilter(OncePerRequestFilter.java:116)
	at org.apache.catalina.core.ApplicationFilterChain.internalDoFilter(ApplicationFilterChain.java:162)
	at org.apache.catalina.core.ApplicationFilterChain.doFilter(ApplicationFilterChain.java:138)
	at org.apache.catalina.core.StandardWrapperValve.invoke(StandardWrapperValve.java:165)
	at org.apache.catalina.core.StandardContextValve.invoke(StandardContextValve.java:88)
	at org.apache.catalina.authenticator.AuthenticatorBase.invoke(AuthenticatorBase.java:492)
	at org.apache.catalina.core.StandardHostValve.invoke(StandardHostValve.java:113)
	at org.apache.catalina.valves.ErrorReportValve.invoke(ErrorReportValve.java:83)
	at org.apache.catalina.core.StandardEngineValve.invoke(StandardEngineValve.java:72)
	at org.apache.catalina.connector.CoyoteAdapter.service(CoyoteAdapter.java:342)
	at org.apache.coyote.http11.Http11Processor.service(Http11Processor.java:399)
	at org.apache.coyote.AbstractProcessorLight.process(AbstractProcessorLight.java:63)
	at org.apache.coyote.AbstractProtocol$ConnectionHandler.process(AbstractProtocol.java:903)
	at org.apache.tomcat.util.net.NioEndpoint$SocketProcessor.doRun(NioEndpoint.java:1797)
	at org.apache.tomcat.util.net.SocketProcessorBase.run(SocketProcessorBase.java:52)
	at org.apache.tomcat.util.threads.ThreadPoolExecutor.runWorker(ThreadPoolExecutor.java:973)
	at org.apache.tomcat.util.threads.ThreadPoolExecutor$Worker.run(ThreadPoolExecutor.java:491)
	at org.apache.tomcat.util.threads.TaskThread$WrappingRunnable.run(TaskThread.java:63)
	at java.base/java.lang.Thread.run(Thread.java:840)
2026-06-15 22:55:00 [http-nio-8083-exec-10] INFO  c.n.b.s.JwtAuthenticationFilter:49 - Extracted email: john@gmail.com
2026-06-15 22:55:01 [http-nio-8083-exec-10] INFO  c.n.b.service.RideServiceImpl:111 - Ride completed successfully for rideId: 11
2026-06-15 22:58:18 [http-nio-8083-exec-5] INFO  c.n.b.s.JwtAuthenticationFilter:49 - Extracted email: john@gmail.com
2026-06-15 22:58:18 [http-nio-8083-exec-5] INFO  c.n.b.service.RideServiceImpl:36 - inside createRide method
2026-06-15 22:58:18 [http-nio-8083-exec-5] INFO  c.n.b.service.RideServiceImpl:41 - after setting userEmail: john@gmail.com
2026-06-15 22:58:18 [http-nio-8083-exec-5] INFO  c.n.b.service.RideServiceImpl:46 - Source: [19.054999, 72.8692035]
2026-06-15 22:58:18 [http-nio-8083-exec-5] INFO  c.n.b.service.RideServiceImpl:47 - Destination: [25.6093239, 85.1235252]
2026-06-15 22:58:18 [http-nio-8083-exec-5] INFO  c.n.b.service.RideServiceImpl:52 - After Setting Source latitude: 19.054999
2026-06-15 22:58:18 [http-nio-8083-exec-5] INFO  c.n.b.service.RideServiceImpl:53 - After Setting Source longitude: 72.8692035
2026-06-15 22:58:18 [http-nio-8083-exec-5] INFO  c.n.b.service.RideServiceImpl:57 - After Setting Destination latitude: 25.6093239
2026-06-15 22:58:18 [http-nio-8083-exec-5] INFO  c.n.b.service.RideServiceImpl:58 - After Setting Destination Longitude: 85.1235252
2026-06-15 22:58:18 [http-nio-8083-exec-5] INFO  c.n.b.service.RideServiceImpl:65 - Feign call initiating to call otp service
2026-06-15 22:58:18 [http-nio-8083-exec-5] INFO  c.n.b.service.RideServiceImpl:69 - OTP generated: 127235
2026-06-15 22:58:32 [http-nio-8083-exec-9] INFO  c.n.b.s.JwtAuthenticationFilter:49 - Extracted email: john@gmail.com
2026-06-15 22:58:32 [http-nio-8083-exec-9] INFO  c.n.b.service.RideServiceImpl:78 - inside startRide method
2026-06-15 22:58:32 [http-nio-8083-exec-9] INFO  c.n.b.service.RideServiceImpl:82 - UserEmail: john@gmail.com
2026-06-15 22:58:32 [http-nio-8083-exec-9] INFO  c.n.b.service.RideServiceImpl:87 - Feign call for otpValidation from Otp Service
2026-06-15 22:58:39 [http-nio-8083-exec-3] INFO  c.n.b.s.JwtAuthenticationFilter:49 - Extracted email: john@gmail.com
2026-06-15 22:58:39 [http-nio-8083-exec-3] INFO  c.n.b.service.RideServiceImpl:111 - Ride completed successfully for rideId: 12
2026-06-15 23:04:17 [SpringApplicationShutdownHook] INFO  o.s.b.w.e.tomcat.GracefulShutdown:54 - Commencing graceful shutdown. Waiting for active requests to complete
2026-06-15 23:04:17 [tomcat-shutdown] INFO  o.s.b.w.e.tomcat.GracefulShutdown:76 - Graceful shutdown complete
2026-06-15 23:04:17 [SpringApplicationShutdownHook] INFO  o.s.o.j.LocalContainerEntityManagerFactoryBean:660 - Closing JPA EntityManagerFactory for persistence unit 'default'
2026-06-15 23:04:17 [SpringApplicationShutdownHook] INFO  com.zaxxer.hikari.HikariDataSource:349 - HikariPool-1 - Shutdown initiated...
2026-06-15 23:04:17 [SpringApplicationShutdownHook] INFO  com.zaxxer.hikari.HikariDataSource:351 - HikariPool-1 - Shutdown completed.
