2026-06-14 09:39:20 [main] INFO  c.n.user.UserServiceApplication - Starting UserServiceApplication using Java 17.0.19 with PID 24600 (C:\NexaRide\user-service\target\classes started by anirudhm in C:\NexaRide)
2026-06-14 09:39:20 [main] DEBUG c.n.user.UserServiceApplication - Running with Spring Boot v3.5.14, Spring v6.2.18
2026-06-14 09:39:20 [main] INFO  c.n.user.UserServiceApplication - No active profile set, falling back to 1 default profile: "default"
2026-06-14 09:39:21 [main] INFO  o.s.d.r.c.RepositoryConfigurationDelegate - Bootstrapping Spring Data JPA repositories in DEFAULT mode.
2026-06-14 09:39:21 [main] INFO  o.s.d.r.c.RepositoryConfigurationDelegate - Finished Spring Data repository scanning in 76 ms. Found 1 JPA repository interface.
2026-06-14 09:39:22 [main] INFO  o.s.b.w.e.tomcat.TomcatWebServer - Tomcat initialized with port 8081 (http)
2026-06-14 09:39:22 [main] INFO  o.a.catalina.core.StandardService - Starting service [Tomcat]
2026-06-14 09:39:22 [main] INFO  o.a.catalina.core.StandardEngine - Starting Servlet engine: [Apache Tomcat/10.1.54]
2026-06-14 09:39:22 [main] INFO  o.a.c.c.C.[Tomcat].[localhost].[/] - Initializing Spring embedded WebApplicationContext
2026-06-14 09:39:22 [main] INFO  o.s.b.w.s.c.ServletWebServerApplicationContext - Root WebApplicationContext: initialization completed in 2817 ms
2026-06-14 09:39:23 [main] DEBUG c.n.u.s.JwtAuthenticationFilter - Filter 'jwtAuthenticationFilter' configured for use
2026-06-14 09:39:23 [main] INFO  o.h.jpa.internal.util.LogHelper - HHH000204: Processing PersistenceUnitInfo [name: default]
2026-06-14 09:39:23 [main] INFO  org.hibernate.Version - HHH000412: Hibernate ORM core version 6.6.49.Final
2026-06-14 09:39:23 [main] INFO  o.h.c.i.RegionFactoryInitiator - HHH000026: Second-level cache disabled
2026-06-14 09:39:24 [main] INFO  o.s.o.j.p.SpringPersistenceUnitInfo - No LoadTimeWeaver setup: ignoring JPA class transformer
2026-06-14 09:39:24 [main] INFO  com.zaxxer.hikari.HikariDataSource - HikariPool-1 - Starting...
2026-06-14 09:39:24 [main] INFO  com.zaxxer.hikari.pool.HikariPool - HikariPool-1 - Added connection com.mysql.cj.jdbc.ConnectionImpl@131c0b6f
2026-06-14 09:39:24 [main] INFO  com.zaxxer.hikari.HikariDataSource - HikariPool-1 - Start completed.
2026-06-14 09:39:24 [main] INFO  o.hibernate.orm.connections.pooling - HHH10001005: Database info:
	Database JDBC URL [Connecting through datasource 'HikariDataSource (HikariPool-1)']
	Database driver: undefined/unknown
	Database version: 8.0.35
	Autocommit mode: undefined/unknown
	Isolation level: undefined/unknown
	Minimum pool size: undefined/unknown
	Maximum pool size: undefined/unknown
2026-06-14 09:39:26 [main] INFO  o.h.e.t.j.p.i.JtaPlatformInitiator - HHH000489: No JTA platform available (set 'hibernate.transaction.jta.platform' to enable JTA platform integration)
2026-06-14 09:39:26 [main] INFO  o.s.o.j.LocalContainerEntityManagerFactoryBean - Initialized JPA EntityManagerFactory for persistence unit 'default'
2026-06-14 09:39:27 [main] WARN  o.s.b.a.o.j.JpaBaseConfiguration$JpaWebConfiguration - spring.jpa.open-in-view is enabled by default. Therefore, database queries may be performed during view rendering. Explicitly configure spring.jpa.open-in-view to disable this warning
2026-06-14 09:39:27 [main] WARN  o.s.b.a.s.s.UserDetailsServiceAutoConfiguration - 

Using generated security password: 4dc4e6b1-8a81-4f62-adf2-a08755770ffd

This generated password is for development use only. Your security configuration must be updated before running your application in production.

2026-06-14 09:39:27 [main] INFO  o.s.s.c.a.a.c.InitializeUserDetailsBeanManagerConfigurer$InitializeUserDetailsManagerConfigurer - Global AuthenticationManager configured with UserDetailsService bean with name inMemoryUserDetailsManager
2026-06-14 09:39:27 [main] INFO  c.n.user.config.SecurityConfig - Configuring Security Filter Chain
2026-06-14 09:39:28 [main] INFO  c.n.user.config.SecurityConfig - Security Filter Chain configured successfully 
2026-06-14 09:39:28 [main] INFO  o.s.b.w.e.tomcat.TomcatWebServer - Tomcat started on port 8081 (http) with context path '/'
2026-06-14 09:39:28 [main] INFO  c.n.user.UserServiceApplication - Started UserServiceApplication in 9.565 seconds (process running for 11.475)
2026-06-14 09:48:32 [SpringApplicationShutdownHook] INFO  o.s.b.w.e.tomcat.GracefulShutdown - Commencing graceful shutdown. Waiting for active requests to complete
2026-06-14 09:48:33 [tomcat-shutdown] INFO  o.s.b.w.e.tomcat.GracefulShutdown - Graceful shutdown complete
2026-06-14 09:48:33 [SpringApplicationShutdownHook] INFO  o.s.o.j.LocalContainerEntityManagerFactoryBean - Closing JPA EntityManagerFactory for persistence unit 'default'
2026-06-14 09:48:33 [SpringApplicationShutdownHook] INFO  com.zaxxer.hikari.HikariDataSource - HikariPool-1 - Shutdown initiated...
2026-06-14 09:48:33 [SpringApplicationShutdownHook] INFO  com.zaxxer.hikari.HikariDataSource - HikariPool-1 - Shutdown completed.
2026-06-14 09:48:38 [main] INFO  c.n.user.UserServiceApplication - Starting UserServiceApplication using Java 17.0.19 with PID 4112 (C:\NexaRide\user-service\target\classes started by anirudhm in C:\NexaRide)
2026-06-14 09:48:38 [main] DEBUG c.n.user.UserServiceApplication - Running with Spring Boot v3.5.14, Spring v6.2.18
2026-06-14 09:48:38 [main] INFO  c.n.user.UserServiceApplication - No active profile set, falling back to 1 default profile: "default"
2026-06-14 09:48:39 [main] INFO  o.s.d.r.c.RepositoryConfigurationDelegate - Bootstrapping Spring Data JPA repositories in DEFAULT mode.
2026-06-14 09:48:40 [main] INFO  o.s.d.r.c.RepositoryConfigurationDelegate - Finished Spring Data repository scanning in 110 ms. Found 1 JPA repository interface.
2026-06-14 09:48:41 [main] INFO  o.s.b.w.e.tomcat.TomcatWebServer - Tomcat initialized with port 8081 (http)
2026-06-14 09:48:41 [main] INFO  o.a.catalina.core.StandardService - Starting service [Tomcat]
2026-06-14 09:48:41 [main] INFO  o.a.catalina.core.StandardEngine - Starting Servlet engine: [Apache Tomcat/10.1.54]
2026-06-14 09:48:41 [main] INFO  o.a.c.c.C.[Tomcat].[localhost].[/] - Initializing Spring embedded WebApplicationContext
2026-06-14 09:48:41 [main] INFO  o.s.b.w.s.c.ServletWebServerApplicationContext - Root WebApplicationContext: initialization completed in 3142 ms
2026-06-14 09:48:41 [main] DEBUG c.n.u.s.JwtAuthenticationFilter - Filter 'jwtAuthenticationFilter' configured for use
2026-06-14 09:48:42 [main] INFO  o.h.jpa.internal.util.LogHelper - HHH000204: Processing PersistenceUnitInfo [name: default]
2026-06-14 09:48:42 [main] INFO  org.hibernate.Version - HHH000412: Hibernate ORM core version 6.6.49.Final
2026-06-14 09:48:42 [main] INFO  o.h.c.i.RegionFactoryInitiator - HHH000026: Second-level cache disabled
2026-06-14 09:48:43 [main] INFO  o.s.o.j.p.SpringPersistenceUnitInfo - No LoadTimeWeaver setup: ignoring JPA class transformer
2026-06-14 09:48:43 [main] INFO  com.zaxxer.hikari.HikariDataSource - HikariPool-1 - Starting...
2026-06-14 09:48:44 [main] INFO  com.zaxxer.hikari.pool.HikariPool - HikariPool-1 - Added connection com.mysql.cj.jdbc.ConnectionImpl@2fd4312a
2026-06-14 09:48:44 [main] INFO  com.zaxxer.hikari.HikariDataSource - HikariPool-1 - Start completed.
2026-06-14 09:48:44 [main] INFO  o.hibernate.orm.connections.pooling - HHH10001005: Database info:
	Database JDBC URL [Connecting through datasource 'HikariDataSource (HikariPool-1)']
	Database driver: undefined/unknown
	Database version: 8.0.35
	Autocommit mode: undefined/unknown
	Isolation level: undefined/unknown
	Minimum pool size: undefined/unknown
	Maximum pool size: undefined/unknown
2026-06-14 09:48:45 [main] INFO  o.h.e.t.j.p.i.JtaPlatformInitiator - HHH000489: No JTA platform available (set 'hibernate.transaction.jta.platform' to enable JTA platform integration)
2026-06-14 09:48:45 [main] INFO  o.s.o.j.LocalContainerEntityManagerFactoryBean - Initialized JPA EntityManagerFactory for persistence unit 'default'
2026-06-14 09:48:46 [main] WARN  o.s.b.a.o.j.JpaBaseConfiguration$JpaWebConfiguration - spring.jpa.open-in-view is enabled by default. Therefore, database queries may be performed during view rendering. Explicitly configure spring.jpa.open-in-view to disable this warning
2026-06-14 09:48:46 [main] WARN  o.s.b.a.s.s.UserDetailsServiceAutoConfiguration - 

Using generated security password: bd4651c1-1769-454e-8593-9811c24ed7fe

This generated password is for development use only. Your security configuration must be updated before running your application in production.

2026-06-14 09:48:46 [main] INFO  o.s.s.c.a.a.c.InitializeUserDetailsBeanManagerConfigurer$InitializeUserDetailsManagerConfigurer - Global AuthenticationManager configured with UserDetailsService bean with name inMemoryUserDetailsManager
2026-06-14 09:48:46 [main] INFO  c.n.user.config.SecurityConfig - Configuring Security Filter Chain
2026-06-14 09:48:47 [main] INFO  c.n.user.config.SecurityConfig - Security Filter Chain configured successfully 
2026-06-14 09:48:48 [main] INFO  o.s.b.w.e.tomcat.TomcatWebServer - Tomcat started on port 8081 (http) with context path '/'
2026-06-14 09:48:48 [main] INFO  c.n.user.UserServiceApplication - Started UserServiceApplication in 10.197 seconds (process running for 10.65)
2026-06-14 09:50:49 [SpringApplicationShutdownHook] INFO  o.s.b.w.e.tomcat.GracefulShutdown - Commencing graceful shutdown. Waiting for active requests to complete
2026-06-14 09:50:49 [tomcat-shutdown] INFO  o.s.b.w.e.tomcat.GracefulShutdown - Graceful shutdown complete
2026-06-14 09:50:49 [SpringApplicationShutdownHook] INFO  o.s.o.j.LocalContainerEntityManagerFactoryBean - Closing JPA EntityManagerFactory for persistence unit 'default'
2026-06-14 09:50:49 [SpringApplicationShutdownHook] INFO  com.zaxxer.hikari.HikariDataSource - HikariPool-1 - Shutdown initiated...
2026-06-14 09:50:49 [SpringApplicationShutdownHook] INFO  com.zaxxer.hikari.HikariDataSource - HikariPool-1 - Shutdown completed.
2026-06-14 09:51:04 [main] INFO  c.n.user.UserServiceApplication - Starting UserServiceApplication using Java 17.0.19 with PID 9156 (C:\NexaRide\user-service\target\classes started by anirudhm in C:\NexaRide)
2026-06-14 09:51:04 [main] DEBUG c.n.user.UserServiceApplication - Running with Spring Boot v3.5.14, Spring v6.2.18
2026-06-14 09:51:04 [main] INFO  c.n.user.UserServiceApplication - No active profile set, falling back to 1 default profile: "default"
2026-06-14 09:51:07 [main] INFO  o.s.d.r.c.RepositoryConfigurationDelegate - Bootstrapping Spring Data JPA repositories in DEFAULT mode.
2026-06-14 09:51:07 [main] INFO  o.s.d.r.c.RepositoryConfigurationDelegate - Finished Spring Data repository scanning in 89 ms. Found 1 JPA repository interface.
2026-06-14 09:51:09 [main] INFO  o.s.b.w.e.tomcat.TomcatWebServer - Tomcat initialized with port 8081 (http)
2026-06-14 09:51:09 [main] INFO  o.a.catalina.core.StandardService - Starting service [Tomcat]
2026-06-14 09:51:09 [main] INFO  o.a.catalina.core.StandardEngine - Starting Servlet engine: [Apache Tomcat/10.1.54]
2026-06-14 09:51:09 [main] INFO  o.a.c.c.C.[Tomcat].[localhost].[/] - Initializing Spring embedded WebApplicationContext
2026-06-14 09:51:09 [main] INFO  o.s.b.w.s.c.ServletWebServerApplicationContext - Root WebApplicationContext: initialization completed in 5118 ms
2026-06-14 09:51:09 [main] DEBUG c.n.u.s.JwtAuthenticationFilter - Filter 'jwtAuthenticationFilter' configured for use
2026-06-14 09:51:10 [main] INFO  o.h.jpa.internal.util.LogHelper - HHH000204: Processing PersistenceUnitInfo [name: default]
2026-06-14 09:51:10 [main] INFO  org.hibernate.Version - HHH000412: Hibernate ORM core version 6.6.49.Final
2026-06-14 09:51:10 [main] INFO  o.h.c.i.RegionFactoryInitiator - HHH000026: Second-level cache disabled
2026-06-14 09:51:11 [main] INFO  o.s.o.j.p.SpringPersistenceUnitInfo - No LoadTimeWeaver setup: ignoring JPA class transformer
2026-06-14 09:51:11 [main] INFO  com.zaxxer.hikari.HikariDataSource - HikariPool-1 - Starting...
2026-06-14 09:51:12 [main] INFO  com.zaxxer.hikari.pool.HikariPool - HikariPool-1 - Added connection com.mysql.cj.jdbc.ConnectionImpl@da5d5e1
2026-06-14 09:51:12 [main] INFO  com.zaxxer.hikari.HikariDataSource - HikariPool-1 - Start completed.
2026-06-14 09:51:12 [main] INFO  o.hibernate.orm.connections.pooling - HHH10001005: Database info:
	Database JDBC URL [Connecting through datasource 'HikariDataSource (HikariPool-1)']
	Database driver: undefined/unknown
	Database version: 8.0.35
	Autocommit mode: undefined/unknown
	Isolation level: undefined/unknown
	Minimum pool size: undefined/unknown
	Maximum pool size: undefined/unknown
2026-06-14 09:51:16 [main] INFO  o.h.e.t.j.p.i.JtaPlatformInitiator - HHH000489: No JTA platform available (set 'hibernate.transaction.jta.platform' to enable JTA platform integration)
2026-06-14 09:51:16 [main] INFO  o.s.o.j.LocalContainerEntityManagerFactoryBean - Initialized JPA EntityManagerFactory for persistence unit 'default'
2026-06-14 09:51:18 [main] WARN  o.s.b.a.o.j.JpaBaseConfiguration$JpaWebConfiguration - spring.jpa.open-in-view is enabled by default. Therefore, database queries may be performed during view rendering. Explicitly configure spring.jpa.open-in-view to disable this warning
2026-06-14 09:51:18 [main] WARN  o.s.b.a.s.s.UserDetailsServiceAutoConfiguration - 

Using generated security password: 403799bf-45ae-43e4-a257-57991d55f5f1

This generated password is for development use only. Your security configuration must be updated before running your application in production.

2026-06-14 09:51:18 [main] INFO  o.s.s.c.a.a.c.InitializeUserDetailsBeanManagerConfigurer$InitializeUserDetailsManagerConfigurer - Global AuthenticationManager configured with UserDetailsService bean with name inMemoryUserDetailsManager
2026-06-14 09:51:19 [main] INFO  c.n.user.config.SecurityConfig - Configuring Security Filter Chain
2026-06-14 09:51:20 [main] INFO  c.n.user.config.SecurityConfig - Security Filter Chain configured successfully 
2026-06-14 09:51:21 [main] INFO  o.s.b.w.e.tomcat.TomcatWebServer - Tomcat started on port 8081 (http) with context path '/'
2026-06-14 09:51:21 [main] INFO  c.n.user.UserServiceApplication - Started UserServiceApplication in 17.864 seconds (process running for 26.967)
2026-06-14 09:55:06 [SpringApplicationShutdownHook] INFO  o.s.b.w.e.tomcat.GracefulShutdown - Commencing graceful shutdown. Waiting for active requests to complete
2026-06-14 09:55:06 [tomcat-shutdown] INFO  o.s.b.w.e.tomcat.GracefulShutdown - Graceful shutdown complete
2026-06-14 09:55:06 [SpringApplicationShutdownHook] INFO  o.s.o.j.LocalContainerEntityManagerFactoryBean - Closing JPA EntityManagerFactory for persistence unit 'default'
2026-06-14 09:55:06 [SpringApplicationShutdownHook] INFO  com.zaxxer.hikari.HikariDataSource - HikariPool-1 - Shutdown initiated...
2026-06-14 09:55:06 [SpringApplicationShutdownHook] INFO  com.zaxxer.hikari.HikariDataSource - HikariPool-1 - Shutdown completed.
2026-06-14 09:55:11 [main] INFO  c.n.user.UserServiceApplication - Starting UserServiceApplication using Java 17.0.19 with PID 22232 (C:\NexaRide\user-service\target\classes started by anirudhm in C:\NexaRide)
2026-06-14 09:55:11 [main] DEBUG c.n.user.UserServiceApplication - Running with Spring Boot v3.5.14, Spring v6.2.18
2026-06-14 09:55:11 [main] INFO  c.n.user.UserServiceApplication - No active profile set, falling back to 1 default profile: "default"
2026-06-14 09:55:12 [main] INFO  o.s.d.r.c.RepositoryConfigurationDelegate - Bootstrapping Spring Data JPA repositories in DEFAULT mode.
2026-06-14 09:55:13 [main] INFO  o.s.d.r.c.RepositoryConfigurationDelegate - Finished Spring Data repository scanning in 76 ms. Found 1 JPA repository interface.
2026-06-14 09:55:14 [main] INFO  o.s.b.w.e.tomcat.TomcatWebServer - Tomcat initialized with port 8081 (http)
2026-06-14 09:55:14 [main] INFO  o.a.catalina.core.StandardService - Starting service [Tomcat]
2026-06-14 09:55:14 [main] INFO  o.a.catalina.core.StandardEngine - Starting Servlet engine: [Apache Tomcat/10.1.54]
2026-06-14 09:55:14 [main] INFO  o.a.c.c.C.[Tomcat].[localhost].[/] - Initializing Spring embedded WebApplicationContext
2026-06-14 09:55:14 [main] INFO  o.s.b.w.s.c.ServletWebServerApplicationContext - Root WebApplicationContext: initialization completed in 2360 ms
2026-06-14 09:55:14 [main] DEBUG c.n.u.s.JwtAuthenticationFilter - Filter 'jwtAuthenticationFilter' configured for use
2026-06-14 09:55:14 [main] INFO  o.h.jpa.internal.util.LogHelper - HHH000204: Processing PersistenceUnitInfo [name: default]
2026-06-14 09:55:14 [main] INFO  org.hibernate.Version - HHH000412: Hibernate ORM core version 6.6.49.Final
2026-06-14 09:55:14 [main] INFO  o.h.c.i.RegionFactoryInitiator - HHH000026: Second-level cache disabled
2026-06-14 09:55:15 [main] INFO  o.s.o.j.p.SpringPersistenceUnitInfo - No LoadTimeWeaver setup: ignoring JPA class transformer
2026-06-14 09:55:15 [main] INFO  com.zaxxer.hikari.HikariDataSource - HikariPool-1 - Starting...
2026-06-14 09:55:16 [main] INFO  com.zaxxer.hikari.pool.HikariPool - HikariPool-1 - Added connection com.mysql.cj.jdbc.ConnectionImpl@58ebee9
2026-06-14 09:55:16 [main] INFO  com.zaxxer.hikari.HikariDataSource - HikariPool-1 - Start completed.
2026-06-14 09:55:16 [main] INFO  o.hibernate.orm.connections.pooling - HHH10001005: Database info:
	Database JDBC URL [Connecting through datasource 'HikariDataSource (HikariPool-1)']
	Database driver: undefined/unknown
	Database version: 8.0.35
	Autocommit mode: undefined/unknown
	Isolation level: undefined/unknown
	Minimum pool size: undefined/unknown
	Maximum pool size: undefined/unknown
2026-06-14 09:55:17 [main] INFO  o.h.e.t.j.p.i.JtaPlatformInitiator - HHH000489: No JTA platform available (set 'hibernate.transaction.jta.platform' to enable JTA platform integration)
2026-06-14 09:55:17 [main] INFO  o.s.o.j.LocalContainerEntityManagerFactoryBean - Initialized JPA EntityManagerFactory for persistence unit 'default'
2026-06-14 09:55:18 [main] WARN  o.s.b.a.o.j.JpaBaseConfiguration$JpaWebConfiguration - spring.jpa.open-in-view is enabled by default. Therefore, database queries may be performed during view rendering. Explicitly configure spring.jpa.open-in-view to disable this warning
2026-06-14 09:55:18 [main] WARN  o.s.b.a.s.s.UserDetailsServiceAutoConfiguration - 

Using generated security password: 482ad3b4-025c-4ae3-b86c-ba03ad8d0cf9

This generated password is for development use only. Your security configuration must be updated before running your application in production.

2026-06-14 09:55:18 [main] INFO  o.s.s.c.a.a.c.InitializeUserDetailsBeanManagerConfigurer$InitializeUserDetailsManagerConfigurer - Global AuthenticationManager configured with UserDetailsService bean with name inMemoryUserDetailsManager
2026-06-14 09:55:18 [main] INFO  c.n.user.config.SecurityConfig - Configuring Security Filter Chain
2026-06-14 09:55:19 [main] INFO  c.n.user.config.SecurityConfig - Security Filter Chain configured successfully 
2026-06-14 09:55:19 [main] INFO  o.s.b.w.e.tomcat.TomcatWebServer - Tomcat started on port 8081 (http) with context path '/'
2026-06-14 09:55:19 [main] INFO  c.n.user.UserServiceApplication - Started UserServiceApplication in 8.724 seconds (process running for 9.163)
2026-06-14 10:03:17 [SpringApplicationShutdownHook] INFO  o.s.b.w.e.tomcat.GracefulShutdown - Commencing graceful shutdown. Waiting for active requests to complete
2026-06-14 10:03:17 [tomcat-shutdown] INFO  o.s.b.w.e.tomcat.GracefulShutdown - Graceful shutdown complete
2026-06-14 10:03:17 [SpringApplicationShutdownHook] INFO  o.s.o.j.LocalContainerEntityManagerFactoryBean - Closing JPA EntityManagerFactory for persistence unit 'default'
2026-06-14 10:03:17 [SpringApplicationShutdownHook] INFO  com.zaxxer.hikari.HikariDataSource - HikariPool-1 - Shutdown initiated...
2026-06-14 10:03:17 [SpringApplicationShutdownHook] INFO  com.zaxxer.hikari.HikariDataSource - HikariPool-1 - Shutdown completed.
2026-06-14 10:11:06 [main] INFO  c.n.user.UserServiceApplication - Starting UserServiceApplication using Java 17.0.19 with PID 12292 (C:\NexaRide\user-service\target\classes started by anirudhm in C:\NexaRide)
2026-06-14 10:11:06 [main] DEBUG c.n.user.UserServiceApplication - Running with Spring Boot v3.5.14, Spring v6.2.18
2026-06-14 10:11:06 [main] INFO  c.n.user.UserServiceApplication - No active profile set, falling back to 1 default profile: "default"
2026-06-14 10:11:09 [main] INFO  o.s.d.r.c.RepositoryConfigurationDelegate - Bootstrapping Spring Data JPA repositories in DEFAULT mode.
2026-06-14 10:11:09 [main] INFO  o.s.d.r.c.RepositoryConfigurationDelegate - Finished Spring Data repository scanning in 114 ms. Found 1 JPA repository interface.
2026-06-14 10:11:11 [main] INFO  o.s.b.w.e.tomcat.TomcatWebServer - Tomcat initialized with port 8081 (http)
2026-06-14 10:11:11 [main] INFO  o.a.catalina.core.StandardService - Starting service [Tomcat]
2026-06-14 10:11:11 [main] INFO  o.a.catalina.core.StandardEngine - Starting Servlet engine: [Apache Tomcat/10.1.54]
2026-06-14 10:11:11 [main] INFO  o.a.c.c.C.[Tomcat].[localhost].[/] - Initializing Spring embedded WebApplicationContext
2026-06-14 10:11:11 [main] INFO  o.s.b.w.s.c.ServletWebServerApplicationContext - Root WebApplicationContext: initialization completed in 4877 ms
2026-06-14 10:11:11 [main] DEBUG c.n.u.s.JwtAuthenticationFilter - Filter 'jwtAuthenticationFilter' configured for use
2026-06-14 10:11:12 [main] INFO  o.h.jpa.internal.util.LogHelper - HHH000204: Processing PersistenceUnitInfo [name: default]
2026-06-14 10:11:12 [main] INFO  org.hibernate.Version - HHH000412: Hibernate ORM core version 6.6.49.Final
2026-06-14 10:11:12 [main] INFO  o.h.c.i.RegionFactoryInitiator - HHH000026: Second-level cache disabled
2026-06-14 10:11:13 [main] INFO  o.s.o.j.p.SpringPersistenceUnitInfo - No LoadTimeWeaver setup: ignoring JPA class transformer
2026-06-14 10:11:13 [main] INFO  com.zaxxer.hikari.HikariDataSource - HikariPool-1 - Starting...
2026-06-14 10:11:14 [main] INFO  com.zaxxer.hikari.pool.HikariPool - HikariPool-1 - Added connection com.mysql.cj.jdbc.ConnectionImpl@7f030c72
2026-06-14 10:11:14 [main] INFO  com.zaxxer.hikari.HikariDataSource - HikariPool-1 - Start completed.
2026-06-14 10:11:14 [main] INFO  o.hibernate.orm.connections.pooling - HHH10001005: Database info:
	Database JDBC URL [Connecting through datasource 'HikariDataSource (HikariPool-1)']
	Database driver: undefined/unknown
	Database version: 8.0.35
	Autocommit mode: undefined/unknown
	Isolation level: undefined/unknown
	Minimum pool size: undefined/unknown
	Maximum pool size: undefined/unknown
2026-06-14 10:11:16 [main] INFO  o.h.e.t.j.p.i.JtaPlatformInitiator - HHH000489: No JTA platform available (set 'hibernate.transaction.jta.platform' to enable JTA platform integration)
2026-06-14 10:11:16 [main] INFO  o.s.o.j.LocalContainerEntityManagerFactoryBean - Initialized JPA EntityManagerFactory for persistence unit 'default'
2026-06-14 10:11:16 [main] WARN  o.s.b.a.o.j.JpaBaseConfiguration$JpaWebConfiguration - spring.jpa.open-in-view is enabled by default. Therefore, database queries may be performed during view rendering. Explicitly configure spring.jpa.open-in-view to disable this warning
2026-06-14 10:11:16 [main] WARN  o.s.b.a.s.s.UserDetailsServiceAutoConfiguration - 

Using generated security password: 84a116e2-70c5-4b9c-8648-2987d32a5aaa

This generated password is for development use only. Your security configuration must be updated before running your application in production.

2026-06-14 10:11:16 [main] INFO  o.s.s.c.a.a.c.InitializeUserDetailsBeanManagerConfigurer$InitializeUserDetailsManagerConfigurer - Global AuthenticationManager configured with UserDetailsService bean with name inMemoryUserDetailsManager
2026-06-14 10:11:16 [main] INFO  c.n.user.config.SecurityConfig - Configuring Security Filter Chain
2026-06-14 10:11:17 [main] INFO  c.n.user.config.SecurityConfig - Security Filter Chain configured successfully 
2026-06-14 10:11:17 [main] INFO  o.s.b.w.e.tomcat.TomcatWebServer - Tomcat started on port 8081 (http) with context path '/'
2026-06-14 10:11:17 [main] INFO  c.n.user.UserServiceApplication - Started UserServiceApplication in 11.826 seconds (process running for 18.992)
2026-06-14 10:12:00 [http-nio-8081-exec-2] INFO  o.a.c.c.C.[Tomcat].[localhost].[/] - Initializing Spring DispatcherServlet 'dispatcherServlet'
2026-06-14 10:12:00 [http-nio-8081-exec-2] INFO  o.s.web.servlet.DispatcherServlet - Initializing Servlet 'dispatcherServlet'
2026-06-14 10:12:00 [http-nio-8081-exec-2] INFO  o.s.web.servlet.DispatcherServlet - Completed initialization in 1 ms
2026-06-14 10:12:00 [http-nio-8081-exec-2] INFO  c.n.u.s.JwtAuthenticationFilter - Inside doFilterInternal method...
2026-06-14 10:12:00 [http-nio-8081-exec-2] INFO  c.n.u.s.JwtAuthenticationFilter - AuthHeader value: null
2026-06-14 10:12:00 [http-nio-8081-exec-2] INFO  c.n.user.service.UserServiceImpl - Inside registerUser method
2026-06-14 10:12:00 [http-nio-8081-exec-2] INFO  c.n.user.service.UserServiceImpl - Register request received for email: Saurav@gmail.com
2026-06-14 10:12:00 [http-nio-8081-exec-2] INFO  c.n.user.service.UserServiceImpl - User Created with id: 9
2026-06-14 10:13:36 [http-nio-8081-exec-3] INFO  c.n.u.s.JwtAuthenticationFilter - Inside doFilterInternal method...
2026-06-14 10:13:36 [http-nio-8081-exec-3] INFO  c.n.u.s.JwtAuthenticationFilter - AuthHeader value: null
2026-06-14 10:13:36 [http-nio-8081-exec-3] INFO  c.n.user.controller.AuthController - Calling loginUser for cred Validation
2026-06-14 10:13:36 [http-nio-8081-exec-3] INFO  c.n.user.service.UserServiceImpl - Inside loginUser method.
2026-06-14 10:13:36 [http-nio-8081-exec-3] INFO  c.n.user.service.UserServiceImpl - Login request received for email: Saurav@gmail.com
2026-06-14 10:13:36 [http-nio-8081-exec-3] INFO  c.n.user.service.UserServiceImpl - User login successful for email: Saurav@gmail.com
2026-06-14 10:13:36 [http-nio-8081-exec-3] INFO  c.n.user.controller.AuthController - calling generateToken method to safely generate token after validation
2026-06-14 10:13:36 [http-nio-8081-exec-3] DEBUG c.nexaride.user.service.JwtService - Inside generateToken method..
2026-06-14 10:21:54 [http-nio-8081-exec-5] INFO  c.n.u.s.JwtAuthenticationFilter - Inside doFilterInternal method...
2026-06-14 10:21:54 [http-nio-8081-exec-5] INFO  c.n.u.s.JwtAuthenticationFilter - AuthHeader value: null
2026-06-14 10:21:54 [http-nio-8081-exec-5] INFO  c.n.user.controller.AuthController - Calling loginUser for cred Validation
2026-06-14 10:21:54 [http-nio-8081-exec-5] INFO  c.n.user.service.UserServiceImpl - Inside loginUser method.
2026-06-14 10:21:54 [http-nio-8081-exec-5] INFO  c.n.user.service.UserServiceImpl - Login request received for email: Saurav@gmail.com
2026-06-14 10:21:54 [http-nio-8081-exec-5] INFO  c.n.user.service.UserServiceImpl - User login successful for email: Saurav@gmail.com
2026-06-14 10:21:54 [http-nio-8081-exec-5] INFO  c.n.user.controller.AuthController - calling generateToken method to safely generate token after validation
2026-06-14 10:21:54 [http-nio-8081-exec-5] DEBUG c.nexaride.user.service.JwtService - Inside generateToken method..
2026-06-14 11:23:52 [HikariPool-1:housekeeper] WARN  com.zaxxer.hikari.pool.HikariPool - HikariPool-1 - Thread starvation or clock leap detected (housekeeper delta=25m7s989ms909µs).
2026-06-14 11:28:57 [SpringApplicationShutdownHook] INFO  o.s.b.w.e.tomcat.GracefulShutdown - Commencing graceful shutdown. Waiting for active requests to complete
2026-06-14 11:28:57 [tomcat-shutdown] INFO  o.s.b.w.e.tomcat.GracefulShutdown - Graceful shutdown complete
2026-06-14 11:28:57 [SpringApplicationShutdownHook] INFO  o.s.o.j.LocalContainerEntityManagerFactoryBean - Closing JPA EntityManagerFactory for persistence unit 'default'
2026-06-14 11:28:57 [SpringApplicationShutdownHook] INFO  com.zaxxer.hikari.HikariDataSource - HikariPool-1 - Shutdown initiated...
2026-06-14 11:28:57 [SpringApplicationShutdownHook] INFO  com.zaxxer.hikari.HikariDataSource - HikariPool-1 - Shutdown completed.
