2026-06-28 13:22:27 [main] INFO  c.n.b.BookingServiceApplicationTests:53 - Starting BookingServiceApplicationTests using Java 17.0.19 with PID 28516 (started by anirudhm in C:\NexaRide\booking-service)
2026-06-28 13:22:27 [main] DEBUG c.n.b.BookingServiceApplicationTests:54 - Running with Spring Boot v3.5.14, Spring v6.2.18
2026-06-28 13:22:27 [main] INFO  c.n.b.BookingServiceApplicationTests:652 - No active profile set, falling back to 1 default profile: "default"
2026-06-28 13:22:28 [main] INFO  o.s.d.r.c.RepositoryConfigurationDelegate:145 - Bootstrapping Spring Data JPA repositories in DEFAULT mode.
2026-06-28 13:22:28 [main] INFO  o.s.d.r.c.RepositoryConfigurationDelegate:213 - Finished Spring Data repository scanning in 69 ms. Found 1 JPA repository interface.
2026-06-28 13:22:29 [main] INFO  o.s.cloud.context.scope.GenericScope:280 - BeanFactory id=1b495c99-232f-3aad-9af7-70a40158d7b0
2026-06-28 13:22:29 [main] INFO  o.h.jpa.internal.util.LogHelper:31 - HHH000204: Processing PersistenceUnitInfo [name: default]
2026-06-28 13:22:29 [main] INFO  org.hibernate.Version:44 - HHH000412: Hibernate ORM core version 6.6.49.Final
2026-06-28 13:22:29 [main] INFO  o.h.c.i.RegionFactoryInitiator:50 - HHH000026: Second-level cache disabled
2026-06-28 13:22:30 [main] INFO  o.s.o.j.p.SpringPersistenceUnitInfo:87 - No LoadTimeWeaver setup: ignoring JPA class transformer
2026-06-28 13:22:30 [main] INFO  com.zaxxer.hikari.HikariDataSource:109 - HikariPool-1 - Starting...
2026-06-28 13:22:30 [main] INFO  com.zaxxer.hikari.pool.HikariPool:580 - HikariPool-1 - Added connection com.mysql.cj.jdbc.ConnectionImpl@41581c3f
2026-06-28 13:22:30 [main] INFO  com.zaxxer.hikari.HikariDataSource:122 - HikariPool-1 - Start completed.
2026-06-28 13:22:30 [main] INFO  o.hibernate.orm.connections.pooling:163 - HHH10001005: Database info:
	Database JDBC URL [Connecting through datasource 'HikariDataSource (HikariPool-1)']
	Database driver: undefined/unknown
	Database version: 8.0.35
	Autocommit mode: undefined/unknown
	Isolation level: undefined/unknown
	Minimum pool size: undefined/unknown
	Maximum pool size: undefined/unknown
2026-06-28 13:22:31 [main] INFO  o.h.e.t.j.p.i.JtaPlatformInitiator:59 - HHH000489: No JTA platform available (set 'hibernate.transaction.jta.platform' to enable JTA platform integration)
2026-06-28 13:22:31 [main] INFO  o.s.o.j.LocalContainerEntityManagerFactoryBean:447 - Initialized JPA EntityManagerFactory for persistence unit 'default'
2026-06-28 13:22:32 [main] WARN  o.s.b.a.o.j.JpaBaseConfiguration$JpaWebConfiguration:258 - spring.jpa.open-in-view is enabled by default. Therefore, database queries may be performed during view rendering. Explicitly configure spring.jpa.open-in-view to disable this warning
2026-06-28 13:22:32 [main] WARN  o.s.b.a.s.s.UserDetailsServiceAutoConfiguration:90 - 

Using generated security password: 75da317c-78cc-474a-b937-077d3643c10f

This generated password is for development use only. Your security configuration must be updated before running your application in production.

2026-06-28 13:22:32 [main] INFO  o.s.s.c.a.a.c.InitializeUserDetailsBeanManagerConfigurer$InitializeUserDetailsManagerConfigurer:110 - Global AuthenticationManager configured with UserDetailsService bean with name inMemoryUserDetailsManager
2026-06-28 13:22:34 [main] INFO  c.n.b.BookingServiceApplicationTests:59 - Started BookingServiceApplicationTests in 7.829 seconds (process running for 9.655)
2026-06-28 13:22:36 [SpringApplicationShutdownHook] INFO  o.s.o.j.LocalContainerEntityManagerFactoryBean:660 - Closing JPA EntityManagerFactory for persistence unit 'default'
2026-06-28 13:22:36 [SpringApplicationShutdownHook] INFO  com.zaxxer.hikari.HikariDataSource:349 - HikariPool-1 - Shutdown initiated...
2026-06-28 13:22:36 [SpringApplicationShutdownHook] INFO  com.zaxxer.hikari.HikariDataSource:351 - HikariPool-1 - Shutdown completed.
2026-06-28 13:32:31 [main] INFO  c.n.b.BookingServiceApplicationTests:53 - Starting BookingServiceApplicationTests using Java 17.0.19 with PID 6320 (started by anirudhm in C:\NexaRide\booking-service)
2026-06-28 13:32:31 [main] DEBUG c.n.b.BookingServiceApplicationTests:54 - Running with Spring Boot v3.5.14, Spring v6.2.18
2026-06-28 13:32:31 [main] INFO  c.n.b.BookingServiceApplicationTests:652 - No active profile set, falling back to 1 default profile: "default"
2026-06-28 13:32:32 [main] INFO  o.s.d.r.c.RepositoryConfigurationDelegate:145 - Bootstrapping Spring Data JPA repositories in DEFAULT mode.
2026-06-28 13:32:32 [main] INFO  o.s.d.r.c.RepositoryConfigurationDelegate:213 - Finished Spring Data repository scanning in 72 ms. Found 1 JPA repository interface.
2026-06-28 13:32:33 [main] INFO  o.s.cloud.context.scope.GenericScope:280 - BeanFactory id=1b495c99-232f-3aad-9af7-70a40158d7b0
2026-06-28 13:32:33 [main] INFO  o.h.jpa.internal.util.LogHelper:31 - HHH000204: Processing PersistenceUnitInfo [name: default]
2026-06-28 13:32:34 [main] INFO  org.hibernate.Version:44 - HHH000412: Hibernate ORM core version 6.6.49.Final
2026-06-28 13:32:34 [main] INFO  o.h.c.i.RegionFactoryInitiator:50 - HHH000026: Second-level cache disabled
2026-06-28 13:32:34 [main] INFO  o.s.o.j.p.SpringPersistenceUnitInfo:87 - No LoadTimeWeaver setup: ignoring JPA class transformer
2026-06-28 13:32:34 [main] INFO  com.zaxxer.hikari.HikariDataSource:109 - HikariPool-1 - Starting...
2026-06-28 13:32:34 [main] INFO  com.zaxxer.hikari.pool.HikariPool:580 - HikariPool-1 - Added connection com.mysql.cj.jdbc.ConnectionImpl@2c465259
2026-06-28 13:32:34 [main] INFO  com.zaxxer.hikari.HikariDataSource:122 - HikariPool-1 - Start completed.
2026-06-28 13:32:34 [main] INFO  o.hibernate.orm.connections.pooling:163 - HHH10001005: Database info:
	Database JDBC URL [Connecting through datasource 'HikariDataSource (HikariPool-1)']
	Database driver: undefined/unknown
	Database version: 8.0.35
	Autocommit mode: undefined/unknown
	Isolation level: undefined/unknown
	Minimum pool size: undefined/unknown
	Maximum pool size: undefined/unknown
2026-06-28 13:32:35 [main] INFO  o.h.e.t.j.p.i.JtaPlatformInitiator:59 - HHH000489: No JTA platform available (set 'hibernate.transaction.jta.platform' to enable JTA platform integration)
2026-06-28 13:32:35 [main] INFO  o.s.o.j.LocalContainerEntityManagerFactoryBean:447 - Initialized JPA EntityManagerFactory for persistence unit 'default'
2026-06-28 13:32:36 [main] WARN  o.s.b.a.o.j.JpaBaseConfiguration$JpaWebConfiguration:258 - spring.jpa.open-in-view is enabled by default. Therefore, database queries may be performed during view rendering. Explicitly configure spring.jpa.open-in-view to disable this warning
2026-06-28 13:32:36 [main] WARN  o.s.b.a.s.s.UserDetailsServiceAutoConfiguration:90 - 

Using generated security password: 558bddab-2f85-49a3-8313-6fe316fad859

This generated password is for development use only. Your security configuration must be updated before running your application in production.

2026-06-28 13:32:36 [main] INFO  o.s.s.c.a.a.c.InitializeUserDetailsBeanManagerConfigurer$InitializeUserDetailsManagerConfigurer:110 - Global AuthenticationManager configured with UserDetailsService bean with name inMemoryUserDetailsManager
2026-06-28 13:32:38 [main] INFO  c.n.b.BookingServiceApplicationTests:59 - Started BookingServiceApplicationTests in 7.835 seconds (process running for 9.148)
2026-06-28 13:32:39 [SpringApplicationShutdownHook] INFO  o.s.o.j.LocalContainerEntityManagerFactoryBean:660 - Closing JPA EntityManagerFactory for persistence unit 'default'
2026-06-28 13:32:39 [SpringApplicationShutdownHook] INFO  com.zaxxer.hikari.HikariDataSource:349 - HikariPool-1 - Shutdown initiated...
2026-06-28 13:32:39 [SpringApplicationShutdownHook] INFO  com.zaxxer.hikari.HikariDataSource:351 - HikariPool-1 - Shutdown completed.
